<?xml version="1.0" encoding="UTF-8"?>
<testsuite xmlns:xsi="http://www.w3.org/2001/XMLSchema-instance" xsi:noNamespaceSchemaLocation="https://maven.apache.org/surefire/maven-surefire-plugin/xsd/surefire-test-report-3.0.xsd" version="3.0" name="core.RunCucumberTest" time="2.598" tests="3" errors="1" skipped="0" failures="0">
  <properties>
[...]
</properties>
  <testcase name="Is it moving? - We can&apos;t move if there are no neighbour asteroid" classname="Is it moving?" time="1.326"/>
  <testcase name="Is it moving? - We can&apos;t move if the target asteroid is not neighbour" classname="Is it moving?" time="1.027"/>
  <testcase name="Is it moving? - We can move, if the target asteroid is a neighbour" classname="Is it moving?" time="0.024">
    <error type="java.lang.NullPointerException"><![CDATA[java.lang.NullPointerException
	at core.StepDefinitions.aNeighbourAsteroid(StepDefinitions.java:95)
	at ✽.a neighbour asteroid(classpath:core/Move.feature:25)
]]></error>
  </testcase>
</testsuite>